liebao/app/build/intermediates/manifest_merge_blame_file/debug/manifest-merger-blame-debug-report.txt
1<?xml version="1.0" encoding="utf-8"?>
2<manifest xmlns:android="http://schemas.android.com/apk/res/android"
3    package="com.fdfgerer.liebao"
4    platformBuildVersionCode="29"
5    platformBuildVersionName="10"
6    android:compileSdkVersion="29"
7    android:compileSdkVersionCodename="10"
8    android:versionCode="21"
9    android:versionName="2.2.0" >
10
11    <uses-sdk
11-->src\main\AndroidManifest.xml:3:5-73
12        android:minSdkVersion="16"
12-->src\main\AndroidManifest.xml:3:15-41
13        android:targetSdkVersion="29" />
13-->src\main\AndroidManifest.xml:3:42-71
14
15    <uses-permission android:name="android.permission.ACCESS_NETWORK_STATE" />
15-->src\main\AndroidManifest.xml:4:5-78
15-->src\main\AndroidManifest.xml:4:22-76
16    <uses-permission android:name="android.permission.ACCESS_WIFI_STATE" />
16-->src\main\AndroidManifest.xml:5:5-75
16-->src\main\AndroidManifest.xml:5:22-73
17    <uses-permission android:name="android.permission.CHANGE_WIFI_STATE" />
17-->src\main\AndroidManifest.xml:6:5-75
17-->src\main\AndroidManifest.xml:6:22-73
18    <uses-permission android:name="android.permission.INTERNET" />
18-->src\main\AndroidManifest.xml:7:5-66
18-->src\main\AndroidManifest.xml:7:22-64
19    <uses-permission android:name="android.permission.READ_PHONE_STATE" />
19-->src\main\AndroidManifest.xml:8:5-74
19-->src\main\AndroidManifest.xml:8:22-72
20    <uses-permission android:name="android.permission.WRITE_EXTERNAL_STORAGE" />
20-->src\main\AndroidManifest.xml:9:5-80
20-->src\main\AndroidManifest.xml:9:22-78
21    <uses-permission android:name="android.permission.READ_EXTERNAL_STORAGE" />
21-->src\main\AndroidManifest.xml:10:5-79
21-->src\main\AndroidManifest.xml:10:22-77
22    <uses-permission android:name="android.permission.READ_LOGS" />
22-->src\main\AndroidManifest.xml:11:5-67
22-->src\main\AndroidManifest.xml:11:22-65
23    <uses-permission android:name="android.permission.MOUNT_UNMOUNT_FILESYSTEMS" />
23-->src\main\AndroidManifest.xml:12:5-83
23-->src\main\AndroidManifest.xml:12:22-81
24    <uses-permission android:name="android.permission.RECEIVE_USER_PRESENT" />
24-->src\main\AndroidManifest.xml:13:5-78
24-->src\main\AndroidManifest.xml:13:22-76
25    <uses-permission android:name="android.permission.REQUEST_INSTALL_PACKAGES" />
25-->src\main\AndroidManifest.xml:14:5-82
25-->src\main\AndroidManifest.xml:14:22-80
26    <uses-permission android:name="android.permission.CAMERA" />
26-->src\main\AndroidManifest.xml:15:5-64
26-->src\main\AndroidManifest.xml:15:22-62
27    <uses-permission android:name="android.permission.FOREGROUND_SERVICE" />
27-->src\main\AndroidManifest.xml:16:5-76
27-->src\main\AndroidManifest.xml:16:22-74
28    <uses-permission android:name="android.permission.INSTALL_PACKAGES" />
28-->src\main\AndroidManifest.xml:17:5-74
28-->src\main\AndroidManifest.xml:17:22-72
29    <uses-permission android:name="android.permission.CALL_PHONE" />
29-->src\main\AndroidManifest.xml:18:5-68
29-->src\main\AndroidManifest.xml:18:22-66
30
31    <queries>
31-->src\main\AndroidManifest.xml:19:5-28:15
32        <intent>
32-->src\main\AndroidManifest.xml:20:9-24:18
33            <action android:name="android.intent.action.VIEW" />
33-->src\main\AndroidManifest.xml:21:13-64
33-->src\main\AndroidManifest.xml:21:21-62
34
35            <category android:name="android.intent.category.BROWSABLE" />
35-->src\main\AndroidManifest.xml:22:13-73
35-->src\main\AndroidManifest.xml:22:23-71
36
37            <data android:scheme="https" />
37-->src\main\AndroidManifest.xml:23:13-43
37-->src\main\AndroidManifest.xml:23:19-41
38        </intent>
39        <intent>
39-->src\main\AndroidManifest.xml:20:9-24:18
40            <action android:name="android.support.customtabs.action.CustomTabsService" />
40-->src\main\AndroidManifest.xml:26:13-89
40-->src\main\AndroidManifest.xml:26:21-87
41        </intent>
42    </queries>
43
44    <uses-permission android:name="android.permission.WAKE_LOCK" />
44-->src\main\AndroidManifest.xml:29:5-67
44-->src\main\AndroidManifest.xml:29:22-65
45    <uses-permission android:name="android.permission.RECEIVE_BOOT_COMPLETED" />
45-->src\main\AndroidManifest.xml:30:5-80
45-->src\main\AndroidManifest.xml:30:22-78
46
47    <permission
47-->src\main\AndroidManifest.xml:31:5-114
48        android:name="com.fdfgerer.liebao.permission.JPUSH_MESSAGE"
48-->src\main\AndroidManifest.xml:31:17-76
49        android:protectionLevel="signature" />
49-->src\main\AndroidManifest.xml:31:77-112
50
51    <uses-permission android:name="com.fdfgerer.liebao.permission.JPUSH_MESSAGE" />
51-->src\main\AndroidManifest.xml:32:5-83
51-->src\main\AndroidManifest.xml:32:22-81
52    <uses-permission android:name="android.permission.WRITE_SETTINGS" />
52-->src\main\AndroidManifest.xml:33:5-72
52-->src\main\AndroidManifest.xml:33:22-70
53    <uses-permission android:name="android.permission.VIBRATE" />
53-->src\main\AndroidManifest.xml:34:5-65
53-->src\main\AndroidManifest.xml:34:22-63
54    <uses-permission android:name="android.permission.SYSTEM_ALERT_WINDOW" />
54-->src\main\AndroidManifest.xml:35:5-77
54-->src\main\AndroidManifest.xml:35:22-75
55    <uses-permission android:name="android.permission.ACCESS_COARSE_LOCATION" />
55-->src\main\AndroidManifest.xml:36:5-80
55-->src\main\AndroidManifest.xml:36:22-78
56    <uses-permission android:name="android.permission.ACCESS_FINE_LOCATION" />
56-->src\main\AndroidManifest.xml:37:5-78
56-->src\main\AndroidManifest.xml:37:22-76
57    <uses-permission android:name="android.permission.ACCESS_BACKGROUND_LOCATION" />
57-->src\main\AndroidManifest.xml:38:5-84
57-->src\main\AndroidManifest.xml:38:22-82
58    <uses-permission android:name="android.permission.ACCESS_LOCATION_EXTRA_COMMANDS" />
58-->src\main\AndroidManifest.xml:39:5-88
58-->src\main\AndroidManifest.xml:39:22-86
59    <uses-permission android:name="android.permission.CHANGE_NETWORK_STATE" />
59-->src\main\AndroidManifest.xml:40:5-78
59-->src\main\AndroidManifest.xml:40:22-76
60    <uses-permission android:name="android.permission.GET_TASKS" />
60-->src\main\AndroidManifest.xml:41:5-67
60-->src\main\AndroidManifest.xml:41:22-65
61    <uses-permission android:name="android.permission.FLASHLIGHT" />
61-->src\main\AndroidManifest.xml:42:5-68
61-->src\main\AndroidManifest.xml:42:22-66
62
63    <uses-feature
63-->src\main\AndroidManifest.xml:43:5-94
64        android:name="android.hardware.camera.autofocus"
64-->src\main\AndroidManifest.xml:43:19-67
65        android:required="false" />
65-->src\main\AndroidManifest.xml:43:68-92
66    <uses-feature
66-->src\main\AndroidManifest.xml:44:5-90
67        android:name="android.hardware.camera.flash"
67-->src\main\AndroidManifest.xml:44:19-63
68        android:required="false" />
68-->src\main\AndroidManifest.xml:44:64-88
69
70    <application
70-->src\main\AndroidManifest.xml:45:5-217:19
71        android:name="com.speed.speed_library.SpeedSDKApp"
71-->src\main\AndroidManifest.xml:45:121-171
72        android:allowBackup="false"
72-->src\main\AndroidManifest.xml:45:172-199
73        android:appComponentFactory="androidx.core.app.CoreComponentFactory"
73-->src\main\AndroidManifest.xml:45:263-331
74        android:debuggable="true"
75        android:icon="@mipmap/ic_launcher"
75-->src\main\AndroidManifest.xml:45:86-120
76        android:label="@string/app_name"
76-->src\main\AndroidManifest.xml:45:53-85
77        android:requestLegacyExternalStorage="true"
77-->src\main\AndroidManifest.xml:45:332-375
78        android:supportsRtl="true"
78-->src\main\AndroidManifest.xml:45:200-226
79        android:testOnly="true"
80        android:theme="@style/SdkAppTheme"
80-->src\main\AndroidManifest.xml:45:18-52
81        android:usesCleartextTraffic="true" >
81-->src\main\AndroidManifest.xml:45:227-262
82        <activity android:name="com.speed.speed_library.module.start.StartActivity" >
82-->src\main\AndroidManifest.xml:46:9-51:20
82-->src\main\AndroidManifest.xml:46:19-84
83            <intent-filter>
83-->src\main\AndroidManifest.xml:47:13-50:29
84                <action android:name="android.intent.action.MAIN" />
84-->src\main\AndroidManifest.xml:48:17-68
84-->src\main\AndroidManifest.xml:48:25-66
85
86                <category android:name="android.intent.category.LAUNCHER" />
86-->src\main\AndroidManifest.xml:49:17-76
86-->src\main\AndroidManifest.xml:49:27-74
87            </intent-filter>
88        </activity>
89        <activity
89-->src\main\AndroidManifest.xml:52:9-167
90            android:name="com.speed.speed_library.debug.DebugSpeedLogActivity"
90-->src\main\AndroidManifest.xml:52:19-85
91            android:screenOrientation="portrait"
91-->src\main\AndroidManifest.xml:52:86-122
92            android:windowSoftInputMode="adjustResize" />
92-->src\main\AndroidManifest.xml:52:123-165
93        <activity
93-->src\main\AndroidManifest.xml:53:9-170
94            android:name="com.speed.speed_library.module.setting.AccountActivity"
94-->src\main\AndroidManifest.xml:53:19-88
95            android:screenOrientation="portrait"
95-->src\main\AndroidManifest.xml:53:89-125
96            android:windowSoftInputMode="adjustResize" />
96-->src\main\AndroidManifest.xml:53:126-168
97        <activity
97-->src\main\AndroidManifest.xml:54:9-159
98            android:name="com.speed.speed_library.debug.DebugActivity"
98-->src\main\AndroidManifest.xml:54:19-77
99            android:screenOrientation="portrait"
99-->src\main\AndroidManifest.xml:54:78-114
100            android:windowSoftInputMode="adjustResize" />
100-->src\main\AndroidManifest.xml:54:115-157
101        <activity
101-->src\main\AndroidManifest.xml:55:9-172
102            android:name="com.speed.speed_library.debug.netinfo.InterfacesActivity"
102-->src\main\AndroidManifest.xml:55:19-90
103            android:screenOrientation="portrait"
103-->src\main\AndroidManifest.xml:55:91-127
104            android:windowSoftInputMode="adjustResize" />
104-->src\main\AndroidManifest.xml:55:128-170
105        <activity
105-->src\main\AndroidManifest.xml:56:9-168
106            android:name="com.speed.speed_library.debug.netinfo.RoutesActivity"
106-->src\main\AndroidManifest.xml:56:19-86
107            android:screenOrientation="portrait"
107-->src\main\AndroidManifest.xml:56:87-123
108            android:windowSoftInputMode="adjustResize" />
108-->src\main\AndroidManifest.xml:56:124-166
109        <activity
109-->src\main\AndroidManifest.xml:57:9-165
110            android:name="com.speed.speed_library.debug.DebugReviseActivity"
110-->src\main\AndroidManifest.xml:57:19-83
111            android:screenOrientation="portrait"
111-->src\main\AndroidManifest.xml:57:84-120
112            android:windowSoftInputMode="adjustResize" />
112-->src\main\AndroidManifest.xml:57:121-163
113        <activity
113-->src\main\AndroidManifest.xml:58:9-168
114            android:name="com.speed.speed_library.module.login.QrLoginActivity"
114-->src\main\AndroidManifest.xml:58:19-86
115            android:screenOrientation="portrait"
115-->src\main\AndroidManifest.xml:58:87-123
116            android:windowSoftInputMode="adjustResize" />
116-->src\main\AndroidManifest.xml:58:124-166
117        <activity
117-->src\main\AndroidManifest.xml:59:9-164
118            android:name="com.speed.speed_library.module.line.LineActivity"
118-->src\main\AndroidManifest.xml:59:19-82
119            android:screenOrientation="portrait"
119-->src\main\AndroidManifest.xml:59:83-119
120            android:windowSoftInputMode="adjustResize" />
120-->src\main\AndroidManifest.xml:59:120-162
121        <activity
121-->src\main\AndroidManifest.xml:60:9-168
122            android:name="com.speed.speed_library.module.setting.AboutActivity"
122-->src\main\AndroidManifest.xml:60:19-86
123            android:screenOrientation="portrait"
123-->src\main\AndroidManifest.xml:60:87-123
124            android:windowSoftInputMode="adjustResize" />
124-->src\main\AndroidManifest.xml:60:124-166
125        <activity
125-->src\main\AndroidManifest.xml:61:9-171
126            android:name="com.speed.speed_library.module.start.SceneStartActivity"
126-->src\main\AndroidManifest.xml:61:19-89
127            android:screenOrientation="portrait"
127-->src\main\AndroidManifest.xml:61:90-126
128            android:windowSoftInputMode="adjustResize" />
128-->src\main\AndroidManifest.xml:61:127-169
129        <activity
129-->src\main\AndroidManifest.xml:62:9-172
130            android:name="com.speed.speed_library.module.start.SceneSelectActivity"
130-->src\main\AndroidManifest.xml:62:19-90
131            android:screenOrientation="portrait"
131-->src\main\AndroidManifest.xml:62:91-127
132            android:windowSoftInputMode="adjustResize" />
132-->src\main\AndroidManifest.xml:62:128-170
133        <activity
133-->src\main\AndroidManifest.xml:63:9-170
134            android:name="com.speed.speed_library.module.setting.SettingActivity"
134-->src\main\AndroidManifest.xml:63:19-88
135            android:screenOrientation="portrait"
135-->src\main\AndroidManifest.xml:63:89-125
136            android:windowSoftInputMode="adjustResize" />
136-->src\main\AndroidManifest.xml:63:126-168
137        <activity
137-->src\main\AndroidManifest.xml:64:9-174
138            android:name="com.speed.speed_library.module.setting.ProtectKillActivity"
138-->src\main\AndroidManifest.xml:64:19-92
139            android:screenOrientation="portrait"
139-->src\main\AndroidManifest.xml:64:93-129
140            android:windowSoftInputMode="adjustResize" />
140-->src\main\AndroidManifest.xml:64:130-172
141        <activity
141-->src\main\AndroidManifest.xml:65:9-170
142            android:name="com.speed.speed_library.module.login.ForgetPwdActivity"
142-->src\main\AndroidManifest.xml:65:19-88
143            android:screenOrientation="portrait"
143-->src\main\AndroidManifest.xml:65:89-125
144            android:windowSoftInputMode="adjustResize" />
144-->src\main\AndroidManifest.xml:65:126-168
145        <activity
145-->src\main\AndroidManifest.xml:66:9-170
146            android:name="com.speed.speed_library.module.login.UpdatePwdActivity"
146-->src\main\AndroidManifest.xml:66:19-88
147            android:screenOrientation="portrait"
147-->src\main\AndroidManifest.xml:66:89-125
148            android:windowSoftInputMode="adjustResize" />
148-->src\main\AndroidManifest.xml:66:126-168
149        <activity
149-->src\main\AndroidManifest.xml:67:9-155
150            android:name="com.speed.speed_library.module.login.LoginActivity"
150-->src\main\AndroidManifest.xml:67:19-84
151            android:launchMode="singleTask"
151-->src\main\AndroidManifest.xml:67:85-116
152            android:screenOrientation="portrait" />
152-->src\main\AndroidManifest.xml:67:117-153
153        <activity
153-->src\main\AndroidManifest.xml:68:9-174
154            android:name="com.speed.speed_library.module.setting.BindAccountActivity"
154-->src\main\AndroidManifest.xml:68:19-92
155            android:screenOrientation="portrait"
155-->src\main\AndroidManifest.xml:68:93-129
156            android:windowSoftInputMode="adjustResize" />
156-->src\main\AndroidManifest.xml:68:130-172
157        <activity
157-->src\main\AndroidManifest.xml:69:9-171
158            android:name="com.speed.speed_library.module.setting.FeedbackActivity"
158-->src\main\AndroidManifest.xml:69:19-89
159            android:screenOrientation="portrait"
159-->src\main\AndroidManifest.xml:69:90-126
160            android:windowSoftInputMode="adjustResize" />
160-->src\main\AndroidManifest.xml:69:127-169
161        <activity
161-->src\main\AndroidManifest.xml:70:9-170
162            android:name="com.speed.speed_library.module.line.LineSelectActivity"
162-->src\main\AndroidManifest.xml:70:19-88
163            android:screenOrientation="portrait"
163-->src\main\AndroidManifest.xml:70:89-125
164            android:windowSoftInputMode="adjustResize" />
164-->src\main\AndroidManifest.xml:70:126-168
165        <activity
165-->src\main\AndroidManifest.xml:71:9-170
166            android:name="com.speed.speed_library.module.webview.WebViewActivity"
166-->src\main\AndroidManifest.xml:71:19-88
167            android:screenOrientation="portrait"
167-->src\main\AndroidManifest.xml:71:89-125
168            android:windowSoftInputMode="adjustResize" />
168-->src\main\AndroidManifest.xml:71:126-168
169        <activity
169-->src\main\AndroidManifest.xml:72:9-167
170            android:name="com.speed.speed_library.module.start.AdvertActivity"
170-->src\main\AndroidManifest.xml:72:19-85
171            android:screenOrientation="portrait"
171-->src\main\AndroidManifest.xml:72:86-122
172            android:windowSoftInputMode="adjustResize" />
172-->src\main\AndroidManifest.xml:72:123-165
173        <activity
173-->src\main\AndroidManifest.xml:73:9-171
174            android:name="com.speed.speed_library.module.setting.AppAgentActivity"
174-->src\main\AndroidManifest.xml:73:19-89
175            android:screenOrientation="portrait"
175-->src\main\AndroidManifest.xml:73:90-126
176            android:windowSoftInputMode="adjustResize" />
176-->src\main\AndroidManifest.xml:73:127-169
177        <activity
177-->src\main\AndroidManifest.xml:74:9-163
178            android:name="com.speed.speed_library.debug.DebugTypeActivity"
178-->src\main\AndroidManifest.xml:74:19-81
179            android:screenOrientation="portrait"
179-->src\main\AndroidManifest.xml:74:82-118
180            android:windowSoftInputMode="adjustResize" />
180-->src\main\AndroidManifest.xml:74:119-161
181        <activity
181-->src\main\AndroidManifest.xml:75:9-169
182            android:name="com.speed.speed_library.debug.netinfo.NetInfoActivity"
182-->src\main\AndroidManifest.xml:75:19-87
183            android:screenOrientation="portrait"
183-->src\main\AndroidManifest.xml:75:88-124
184            android:windowSoftInputMode="adjustResize" />
184-->src\main\AndroidManifest.xml:75:125-167
185        <activity
185-->src\main\AndroidManifest.xml:76:9-168
186            android:name="com.speed.speed_library.debug.netinfo.ResultActivity"
186-->src\main\AndroidManifest.xml:76:19-86
187            android:screenOrientation="portrait"
187-->src\main\AndroidManifest.xml:76:87-123
188            android:windowSoftInputMode="adjustResize" />
188-->src\main\AndroidManifest.xml:76:124-166
189        <activity
189-->src\main\AndroidManifest.xml:77:9-84:20
190            android:name="com.speed.speed_library.module.main.MainActivity"
190-->src\main\AndroidManifest.xml:77:19-82
191            android:launchMode="singleTask"
191-->src\main\AndroidManifest.xml:77:83-114
192            android:screenOrientation="portrait"
192-->src\main\AndroidManifest.xml:77:115-151
193            android:windowSoftInputMode="adjustResize" >
193-->src\main\AndroidManifest.xml:77:152-194
194            <intent-filter>
194-->src\main\AndroidManifest.xml:78:13-83:29
195                <action android:name="android.intent.action.VIEW" />
195-->src\main\AndroidManifest.xml:21:13-64
195-->src\main\AndroidManifest.xml:21:21-62
196
197                <category android:name="android.intent.category.DEFAULT" />
197-->src\main\AndroidManifest.xml:80:17-75
197-->src\main\AndroidManifest.xml:80:27-73
198                <category android:name="android.intent.category.BROWSABLE" />
198-->src\main\AndroidManifest.xml:22:13-73
198-->src\main\AndroidManifest.xml:22:23-71
199
200                <data android:scheme="liebao-qr" />
200-->src\main\AndroidManifest.xml:23:13-43
200-->src\main\AndroidManifest.xml:23:19-41
201            </intent-filter>
202        </activity>
203
204        <service android:name="com.speed.speed_library.business.update.fullupdate.FullUpdateDownLoadService" />
204-->src\main\AndroidManifest.xml:85:9-111
204-->src\main\AndroidManifest.xml:85:18-109
205        <service
205-->src\main\AndroidManifest.xml:86:9-90:19
206            android:name="com.speed.speed_library.speed.WireGuardService"
206-->src\main\AndroidManifest.xml:86:18-79
207            android:permission="android.permission.BIND_VPN_SERVICE"
207-->src\main\AndroidManifest.xml:86:80-136
208            android:process=":speed" >
208-->src\main\AndroidManifest.xml:86:137-161
209            <intent-filter>
209-->src\main\AndroidManifest.xml:87:13-89:29
210                <action android:name="android.net.VpnService" />
210-->src\main\AndroidManifest.xml:88:17-64
210-->src\main\AndroidManifest.xml:88:25-62
211            </intent-filter>
212        </service>
213
214        <provider
214-->src\main\AndroidManifest.xml:91:9-93:20
215            android:name="androidx.core.content.FileProvider"
215-->src\main\AndroidManifest.xml:91:19-68
216            android:authorities="@string/speed_provider_file_authorities"
216-->src\main\AndroidManifest.xml:91:94-155
217            android:exported="false"
217-->src\main\AndroidManifest.xml:91:69-93
218            android:grantUriPermissions="true" >
218-->src\main\AndroidManifest.xml:91:156-190
219            <meta-data
219-->src\main\AndroidManifest.xml:92:13-111
220                android:name="android.support.FILE_PROVIDER_PATHS"
220-->src\main\AndroidManifest.xml:92:24-74
221                android:resource="@xml/file_paths" />
221-->src\main\AndroidManifest.xml:92:75-109
222        </provider>
223
224        <service
224-->src\main\AndroidManifest.xml:94:9-98:19
225            android:name="com.speed.speed_library.business.jpush.PushService"
225-->src\main\AndroidManifest.xml:94:18-83
226            android:enabled="true"
226-->src\main\AndroidManifest.xml:94:84-106
227            android:exported="false"
227-->src\main\AndroidManifest.xml:94:107-131
228            android:process=":pushcore" >
228-->src\main\AndroidManifest.xml:94:132-159
229            <intent-filter>
229-->src\main\AndroidManifest.xml:95:13-97:29
230                <action android:name="cn.jiguang.user.service.action" />
230-->src\main\AndroidManifest.xml:96:17-72
230-->src\main\AndroidManifest.xml:96:25-70
231            </intent-filter>
232        </service>
233
234        <receiver
234-->src\main\AndroidManifest.xml:99:9-103:20
235            android:name="com.speed.speed_library.business.jpush.MyJPushMessageReceiver"
235-->src\main\AndroidManifest.xml:99:19-95
236            android:enabled="true"
236-->src\main\AndroidManifest.xml:99:96-118
237            android:exported="false" >
237-->src\main\AndroidManifest.xml:99:119-143
238            <intent-filter>
238-->src\main\AndroidManifest.xml:100:13-102:29
239                <action android:name="cn.jpush.android.intent.RECEIVE_MESSAGE" />
239-->src\main\AndroidManifest.xml:101:17-81
239-->src\main\AndroidManifest.xml:101:25-79
240            </intent-filter>
241        </receiver>
242
243        <meta-data
243-->src\main\AndroidManifest.xml:104:9-84
244            android:name="JPUSH_CHANNEL"
244-->src\main\AndroidManifest.xml:104:20-48
245            android:value="developer-default" />
245-->src\main\AndroidManifest.xml:104:49-82
246        <meta-data
246-->src\main\AndroidManifest.xml:105:9-90
247            android:name="JPUSH_APPKEY"
247-->src\main\AndroidManifest.xml:105:20-47
248            android:value="bad1ac95bcc52c20ea49adec" />
248-->src\main\AndroidManifest.xml:105:48-88
249        <meta-data
249-->src\main\AndroidManifest.xml:106:9-83
250            android:name="com.openinstall.APP_KEY"
250-->src\main\AndroidManifest.xml:106:20-58
251            android:value="dcroe4" />
251-->src\main\AndroidManifest.xml:106:59-81
252        <meta-data
252-->src\main\AndroidManifest.xml:107:9-133
253            android:name="com.google.android.gms.ads.APPLICATION_ID"
253-->src\main\AndroidManifest.xml:107:20-76
254            android:value="ca-app-pub-7641487893335741~9309831816" />
254-->src\main\AndroidManifest.xml:107:77-131
255
256        <activity
256-->src\main\AndroidManifest.xml:108:9-240
257            android:name="leavesc.hello.monitor.ui.MonitorActivity"
257-->src\main\AndroidManifest.xml:108:58-113
258            android:launchMode="singleTask"
258-->src\main\AndroidManifest.xml:108:170-201
259            android:screenOrientation="portrait"
259-->src\main\AndroidManifest.xml:108:202-238
260            android:taskAffinity="leavesc.hello.monitor.singleTask"
260-->src\main\AndroidManifest.xml:108:114-169
261            android:theme="@style/MonitorAppTheme" />
261-->src\main\AndroidManifest.xml:108:19-57
262        <activity
262-->src\main\AndroidManifest.xml:109:9-317
263            android:name="leavesc.hello.monitor.ui.MonitorDetailsActivity"
263-->src\main\AndroidManifest.xml:109:58-120
264            android:launchMode="singleTask"
264-->src\main\AndroidManifest.xml:109:177-208
265            android:parentActivityName="leavesc.hello.monitor.ui.MonitorActivity"
265-->src\main\AndroidManifest.xml:109:246-315
266            android:screenOrientation="portrait"
266-->src\main\AndroidManifest.xml:109:209-245
267            android:taskAffinity="leavesc.hello.monitor.singleTask"
267-->src\main\AndroidManifest.xml:109:121-176
268            android:theme="@style/MonitorAppTheme" />
268-->src\main\AndroidManifest.xml:109:19-57
269
270        <service
270-->src\main\AndroidManifest.xml:110:9-109
271            android:name="leavesc.hello.monitor.service.ClearMonitorService"
271-->src\main\AndroidManifest.xml:110:18-82
272            android:exported="false" />
272-->src\main\AndroidManifest.xml:110:83-107
273        <service
273-->src\main\AndroidManifest.xml:111:9-118
274            android:name="com.snail.antifake.jni.EmulatorCheckService"
274-->src\main\AndroidManifest.xml:111:18-76
275            android:process=":EmulatorCheckService" />
275-->src\main\AndroidManifest.xml:111:77-116
276
277        <meta-data
277-->src\main\AndroidManifest.xml:112:9-79
278            android:name="android.notch_support"
278-->src\main\AndroidManifest.xml:112:20-56
279            android:value="true" />
279-->src\main\AndroidManifest.xml:112:57-77
280
281        <activity
281-->src\main\AndroidManifest.xml:113:9-146
282            android:name="com.lxj.xpermission.XPermission.PermissionActivity"
282-->src\main\AndroidManifest.xml:113:79-144
283            android:theme="@android:style/Theme.Translucent.NoTitleBar" />
283-->src\main\AndroidManifest.xml:113:19-78
284        <activity
284-->src\main\AndroidManifest.xml:114:9-257
285            android:name="com.google.android.gms.ads.AdActivity"
285-->src\main\AndroidManifest.xml:114:68-120
286            android:configChanges="smallestScreenSize|screenSize|uiMode|screenLayout|orientation|keyboardHidden|keyboard"
286-->src\main\AndroidManifest.xml:114:146-255
287            android:exported="false"
287-->src\main\AndroidManifest.xml:114:121-145
288            android:theme="@android:style/Theme.Translucent" />
288-->src\main\AndroidManifest.xml:114:19-67
289
290        <provider
290-->src\main\AndroidManifest.xml:115:9-197
291            android:name="com.google.android.gms.ads.MobileAdsInitProvider"
291-->src\main\AndroidManifest.xml:115:19-82
292            android:authorities="com.fdfgerer.liebao.mobileadsinitprovider"
292-->src\main\AndroidManifest.xml:115:108-171
293            android:exported="false"
293-->src\main\AndroidManifest.xml:115:83-107
294            android:initOrder="100" />
294-->src\main\AndroidManifest.xml:115:172-195
295
296        <service
296-->src\main\AndroidManifest.xml:116:9-119
297            android:name="com.google.android.gms.ads.AdService"
297-->src\main\AndroidManifest.xml:116:18-69
298            android:enabled="true"
298-->src\main\AndroidManifest.xml:116:70-92
299            android:exported="false" />
299-->src\main\AndroidManifest.xml:116:93-117
300
301        <meta-data
301-->src\main\AndroidManifest.xml:117:9-121
302            android:name="com.google.android.gms.version"
302-->src\main\AndroidManifest.xml:117:20-65
303            android:value="@integer/google_play_services_version" />
303-->src\main\AndroidManifest.xml:117:66-119
304
305        <provider
305-->src\main\AndroidManifest.xml:118:9-221
306            android:name="androidx.work.impl.WorkManagerInitializer"
306-->src\main\AndroidManifest.xml:118:19-75
307            android:authorities="com.fdfgerer.liebao.workmanager-init"
307-->src\main\AndroidManifest.xml:118:129-187
308            android:directBootAware="false"
308-->src\main\AndroidManifest.xml:118:188-219
309            android:exported="false"
309-->src\main\AndroidManifest.xml:118:76-100
310            android:multiprocess="true" />
310-->src\main\AndroidManifest.xml:118:101-128
311
312        <service
312-->src\main\AndroidManifest.xml:119:9-212
313            android:name="androidx.work.impl.background.systemalarm.SystemAlarmService"
313-->src\main\AndroidManifest.xml:119:18-93
314            android:directBootAware="false"
314-->src\main\AndroidManifest.xml:119:179-210
315            android:enabled="@bool/enable_system_alarm_service_default"
315-->src\main\AndroidManifest.xml:119:94-153
316            android:exported="false" />
316-->src\main\AndroidManifest.xml:119:154-178
317        <service
317-->src\main\AndroidManifest.xml:120:9-262
318            android:name="androidx.work.impl.background.systemjob.SystemJobService"
318-->src\main\AndroidManifest.xml:120:18-89
319            android:directBootAware="false"
319-->src\main\AndroidManifest.xml:120:229-260
320            android:enabled="@bool/enable_system_job_service_default"
320-->src\main\AndroidManifest.xml:120:147-204
321            android:exported="true"
321-->src\main\AndroidManifest.xml:120:205-228
322            android:permission="android.permission.BIND_JOB_SERVICE" />
322-->src\main\AndroidManifest.xml:120:90-146
323
324        <receiver
324-->src\main\AndroidManifest.xml:121:9-176
325            android:name="androidx.work.impl.utils.ForceStopRunnable.BroadcastReceiver"
325-->src\main\AndroidManifest.xml:121:19-94
326            android:directBootAware="false"
326-->src\main\AndroidManifest.xml:121:143-174
327            android:enabled="true"